<?xml version="1.0" encoding="UTF-8"?>
<!-- Generated by org.testng.reporters.JUnitXMLReporter -->
<testsuite ignored="0" hostname="Chriss-MacBook-Pro.local" failures="0" tests="2" name="Default test" time="13.756" errors="0" timestamp="2020-05-21T12:50:57 EDT">
  <testcase classname="com.qa.tests.AtmBranchPageTest" name="validateSearchForAtmNearYou" time="2.399"/>
  <testcase classname="com.qa.tests.AtmBranchPageTest" name="verifyAtmBranchPageTitleTest" time="0.005"/>
</testsuite> <!-- Default test -->
