<?xml version="1.0" encoding="UTF-8"?>
<!-- Generated by org.testng.reporters.JUnitXMLReporter -->
<testsuite ignored="1" hostname="Chriss-MacBook-Pro.local" failures="0" tests="6" name="Chase HomePage Test chrome " time="30.533" errors="0" timestamp="2020-05-31T16:46:01 EDT">
  <testcase classname="com.qa.tests.HomePageTest" name="verifyHomePageLogoTest" time="0.092"/>
  <testcase classname="com.qa.tests.HomePageTest" name="validateHomePageTitleTest" time="0.005"/>
  <testcase classname="com.qa.tests.HomePageTest" name="validateAtmBranchTabTest" time="1.6"/>
  <testcase classname="com.qa.tests.HomePageTest" name="verifySearchTest" time="1.126"/>
  <testcase classname="com.qa.tests.AtmBranchPageTest" name="validateSearchForAtmNearYou" time="2.494"/>
  <testcase classname="com.qa.tests.AtmBranchPageTest" name="verifyAtmBranchPageTitleTest" time="0.006"/>
  <testcase classname="com.qa.tests.HomePageTest" name="verifyEspanolTabTest" time="0.0">
    <ignored/>
  </testcase> <!-- verifyEspanolTabTest -->
</testsuite> <!-- Chase HomePage Test chrome  -->
