<?xml version="1.0" encoding="UTF-8"?>
<testng-results ignored="0" total="2" passed="2" failed="0" skipped="0">
  <reporter-output>
  </reporter-output>
  <suite started-at="2020-05-21T12:50:43 EDT" name="Default suite" finished-at="2020-05-21T12:50:57 EDT" duration-ms="13756">
    <groups>
    </groups>
    <test started-at="2020-05-21T12:50:43 EDT" name="Default test" finished-at="2020-05-21T12:50:57 EDT" duration-ms="13756">
      <class name="com.qa.tests.AtmBranchPageTest">
        <test-method is-config="true" signature="setup()[pri:0, instance:com.qa.tests.AtmBranchPageTest@7c1e2a9e]" started-at="2020-05-21T12:50:43 EDT" name="setup" finished-at="2020-05-21T12:50:49 EDT" duration-ms="5894" status="PASS">
          <reporter-output>
          </reporter-output>
        </test-method> <!-- setup -->
        <test-method signature="validateSearchForAtmNearYou()[pri:0, instance:com.qa.tests.AtmBranchPageTest@7c1e2a9e]" started-at="2020-05-21T12:50:49 EDT" name="validateSearchForAtmNearYou" finished-at="2020-05-21T12:50:51 EDT" duration-ms="2399" status="PASS">
          <reporter-output>
          </reporter-output>
        </test-method> <!-- validateSearchForAtmNearYou -->
        <test-method is-config="true" signature="teardown()[pri:0, instance:com.qa.tests.AtmBranchPageTest@7c1e2a9e]" started-at="2020-05-21T12:50:51 EDT" name="teardown" finished-at="2020-05-21T12:50:51 EDT" duration-ms="99" status="PASS">
          <reporter-output>
          </reporter-output>
        </test-method> <!-- teardown -->
        <test-method is-config="true" signature="setup()[pri:0, instance:com.qa.tests.AtmBranchPageTest@7c1e2a9e]" started-at="2020-05-21T12:50:51 EDT" name="setup" finished-at="2020-05-21T12:50:56 EDT" duration-ms="5246" status="PASS">
          <reporter-output>
          </reporter-output>
        </test-method> <!-- setup -->
        <test-method signature="verifyAtmBranchPageTitleTest()[pri:0, instance:com.qa.tests.AtmBranchPageTest@7c1e2a9e]" started-at="2020-05-21T12:50:56 EDT" name="verifyAtmBranchPageTitleTest" finished-at="2020-05-21T12:50:56 EDT" duration-ms="5" status="PASS">
          <reporter-output>
          </reporter-output>
        </test-method> <!-- verifyAtmBranchPageTitleTest -->
        <test-method is-config="true" signature="teardown()[pri:0, instance:com.qa.tests.AtmBranchPageTest@7c1e2a9e]" started-at="2020-05-21T12:50:56 EDT" name="teardown" finished-at="2020-05-21T12:50:57 EDT" duration-ms="86" status="PASS">
          <reporter-output>
          </reporter-output>
        </test-method> <!-- teardown -->
      </class> <!-- com.qa.tests.AtmBranchPageTest -->
    </test> <!-- Default test -->
  </suite> <!-- Default suite -->
</testng-results>
